6008959875636773869634931563187180328277424974168900482934551940048325588313392184118927686819358736
4094307979896574800744414479954045562117038222520429113419041224021300388535887847189250107990895416
1602099476480169877595635883980424286446509243646694107156511948179286017121659082731851007086826045
7034374031365621335320169772295833274971910924156612716870441464284506562945589650171026322320114754
6671840260927522515651146192722668487756223645230700195488725850414476837569461130243290304915699384
5833220661177260648341747722173556283558486632708271620718220315621982023484230182599745208948415428
1386731815804020452255107079427755342903056287589093850498273632818073872104089878347912673041082588
1214305493597593226545155667658266879890503608002167568661296894136138292153854750232938183482813639
3418065800925552631660716954336208300627435057593723760598613776431026690336672571375292802523893907
2604896020161748060430128273138296891098691240554861294094886847592667274400685370379378117112735495
9088150056208246214960332512750149566742567183297746093747301611491966973960783435425139324825475030
6190619877993530274846281510545645113165779855297848603246820187901119745364338441775178974675840471
3625905469018749282617986568148803207308185954469417830468531606228338300504557796934489082217830569
2350003868683605022029207214667343193908963885309342802872548880371674018783714002523025887475411575
9415625714842121756562253886738530808516196007410139370584915124149249946115380904118903377673069482
9149467535168124847575898473308823783529078472234353475800083238371702462936779985549506013072893695
6614617167616681113650151123461747275416362609375267486865270607236212752302230568490759194596611645
7234865701652877821723344674785277964458166523850740829242412882964802983848773352053691053511789146
2845346803599109765454179723400377587848926075796159616539282524412676152422486198241894562020784465
4840977265666030625889098838363724580478777032913247523517768096441622086660796332107739977038899149